<?xml version="1.0" encoding="utf-8"?>
<TestRun id="621dc4d5-30b9-42dc-bb6c-946c065bc2af" name="siddhap@SIDDHAP7 2018-11-15 13:23:45" runUser="FAREAST\siddhap" xmlns="http://microsoft.com/schemas/VisualStudio/TeamTest/2010">
  <Times creation="2018-11-15T13:23:45.6393766+05:30" queuing="2018-11-15T13:23:45.6393766+05:30" start="2018-11-15T13:23:22.6446892+05:30" finish="2018-11-15T13:23:52.6221389+05:30" />
  <TestSettings name="default" id="903b9fc0-3e0a-465c-b7a4-b554c4179419">
    <Deployment runDeploymentRoot="siddhap_SIDDHAP7_2018-11-15_13_23_45" />
  </TestSettings>
  <Results>
    <UnitTestResult executionId="b097ca4a-13ee-48cd-994e-0df20e6d7f5d" testId="c3eae0cb-8cad-0488-b840-998cad8236d0" testName="GetMyProducts_ProductsFound" computerName="SIDDHAP7" duration="00:00:01.6202785" startTime="2018-11-15T13:23:45.6237551+05:30" endTime="2018-11-15T13:23:47.2483801+05:30" testType="13cdc9d9-ddb5-4fa4-a97d-d965ccfc6d4b" outcome="Passed" testListId="8c84fa94-04c1-424b-9868-57a2d4851a1d" relativeResultsDirectory="b097ca4a-13ee-48cd-994e-0df20e6d7f5d" />
    <UnitTestResult executionId="92477a91-1f09-4daf-9527-da19e6499963" testId="e7d15f6c-f258-8436-38fc-e5ba721f4979" testName="GetMyProducts" computerName="SIDDHAP7" duration="00:00:15.5513770" startTime="2018-11-15T13:23:29.4399942+05:30" endTime="2018-11-15T13:23:45.5612698+05:30" testType="13cdc9d9-ddb5-4fa4-a97d-d965ccfc6d4b" outcome="Passed" testListId="8c84fa94-04c1-424b-9868-57a2d4851a1d" relativeResultsDirectory="92477a91-1f09-4daf-9527-da19e6499963" />
    <UnitTestResult executionId="4834be18-6a08-42d6-82cf-e7f640db36d9" testId="08670f0f-0c50-2875-329a-aff838190562" testName="GetMyProducts_ThrowsException" computerName="SIDDHAP7" duration="00:00:00.1059919" startTime="2018-11-15T13:23:47.2640015+05:30" endTime="2018-11-15T13:23:47.3733518+05:30" testType="13cdc9d9-ddb5-4fa4-a97d-d965ccfc6d4b" outcome="Passed" testListId="8c84fa94-04c1-424b-9868-57a2d4851a1d" relativeResultsDirectory="4834be18-6a08-42d6-82cf-e7f640db36d9" />
    <UnitTestResult executionId="57a75d21-3044-4374-87ed-6b4dffd20ef7" testId="92d88af6-76cb-5bba-efd7-1db2c162d209" testName="GetMyProducts_NoProductsFound" computerName="SIDDHAP7" duration="00:00:00.0068064" startTime="2018-11-15T13:23:47.2483801+05:30" endTime="2018-11-15T13:23:47.2640015+05:30" testType="13cdc9d9-ddb5-4fa4-a97d-d965ccfc6d4b" outcome="Passed" testListId="8c84fa94-04c1-424b-9868-57a2d4851a1d" relativeResultsDirectory="57a75d21-3044-4374-87ed-6b4dffd20ef7" />
  </Results>
  <TestDefinitions>
    <UnitTest name="GetMyProducts" storage="c:\vso\bin\debug.anycpu\productcatalog.service\ms.vs.services.productcatalog.server.l0.tests\microsoft.visualstudio.services.productcatalog.server.l0.tests.dll" id="e7d15f6c-f258-8436-38fc-e5ba721f4979">
      <Execution id="92477a91-1f09-4daf-9527-da19e6499963" />
      <TestMethod codeBase="c:\VSO\bin\Debug.AnyCPU\ProductCatalog.Service\MS.VS.Services.ProductCatalog.Server.L0.Tests\Microsoft.VisualStudio.Services.ProductCatalog.Server.L0.Tests.dll" adapterTypeName="executor://mstestadapter/v2" className="Microsoft.VisualStudio.Services.ProductCatalog.Server.L0.Tests.ProductsControllerTests" name="GetMyProducts" />
    </UnitTest>
    <UnitTest name="GetMyProducts_ProductsFound" storage="c:\vso\bin\debug.anycpu\productcatalog.service\ms.vs.services.productcatalog.server.l0.tests\microsoft.visualstudio.services.productcatalog.server.l0.tests.dll" id="c3eae0cb-8cad-0488-b840-998cad8236d0">
      <Execution id="b097ca4a-13ee-48cd-994e-0df20e6d7f5d" />
      <TestMethod codeBase="c:\VSO\bin\Debug.AnyCPU\ProductCatalog.Service\MS.VS.Services.ProductCatalog.Server.L0.Tests\Microsoft.VisualStudio.Services.ProductCatalog.Server.L0.Tests.dll" adapterTypeName="executor://mstestadapter/v2" className="Microsoft.VisualStudio.Services.ProductCatalog.Server.L0.Tests.ProductsRepositoryTests" name="GetMyProducts_ProductsFound" />
    </UnitTest>
    <UnitTest name="GetMyProducts_ThrowsException" storage="c:\vso\bin\debug.anycpu\productcatalog.service\ms.vs.services.productcatalog.server.l0.tests\microsoft.visualstudio.services.productcatalog.server.l0.tests.dll" id="08670f0f-0c50-2875-329a-aff838190562">
      <Execution id="4834be18-6a08-42d6-82cf-e7f640db36d9" />
      <TestMethod codeBase="c:\VSO\bin\Debug.AnyCPU\ProductCatalog.Service\MS.VS.Services.ProductCatalog.Server.L0.Tests\Microsoft.VisualStudio.Services.ProductCatalog.Server.L0.Tests.dll" adapterTypeName="executor://mstestadapter/v2" className="Microsoft.VisualStudio.Services.ProductCatalog.Server.L0.Tests.ProductsRepositoryTests" name="GetMyProducts_ThrowsException" />
    </UnitTest>
    <UnitTest name="GetMyProducts_NoProductsFound" storage="c:\vso\bin\debug.anycpu\productcatalog.service\ms.vs.services.productcatalog.server.l0.tests\microsoft.visualstudio.services.productcatalog.server.l0.tests.dll" id="92d88af6-76cb-5bba-efd7-1db2c162d209">
      <Execution id="57a75d21-3044-4374-87ed-6b4dffd20ef7" />
      <TestMethod codeBase="c:\VSO\bin\Debug.AnyCPU\ProductCatalog.Service\MS.VS.Services.ProductCatalog.Server.L0.Tests\Microsoft.VisualStudio.Services.ProductCatalog.Server.L0.Tests.dll" adapterTypeName="executor://mstestadapter/v2" className="Microsoft.VisualStudio.Services.ProductCatalog.Server.L0.Tests.ProductsRepositoryTests" name="GetMyProducts_NoProductsFound" />
    </UnitTest>
  </TestDefinitions>
  <TestEntries>
    <TestEntry testId="c3eae0cb-8cad-0488-b840-998cad8236d0" executionId="b097ca4a-13ee-48cd-994e-0df20e6d7f5d" testListId="8c84fa94-04c1-424b-9868-57a2d4851a1d" />
    <TestEntry testId="e7d15f6c-f258-8436-38fc-e5ba721f4979" executionId="92477a91-1f09-4daf-9527-da19e6499963" testListId="8c84fa94-04c1-424b-9868-57a2d4851a1d" />
    <TestEntry testId="08670f0f-0c50-2875-329a-aff838190562" executionId="4834be18-6a08-42d6-82cf-e7f640db36d9" testListId="8c84fa94-04c1-424b-9868-57a2d4851a1d" />
    <TestEntry testId="92d88af6-76cb-5bba-efd7-1db2c162d209" executionId="57a75d21-3044-4374-87ed-6b4dffd20ef7" testListId="8c84fa94-04c1-424b-9868-57a2d4851a1d" />
  </TestEntries>
  <TestLists>
    <TestList name="Results Not in a List" id="8c84fa94-04c1-424b-9868-57a2d4851a1d" />
    <TestList name="All Loaded Results" id="19431567-8539-422a-85d7-44ee4e166bda" />
  </TestLists>
  <ResultSummary outcome="Completed">
    <Counters total="4" executed="4" passed="4" failed="0" error="0" timeout="0" aborted="0" inconclusive="0" passedButRunAborted="0" notRunnable="0" notExecuted="0" disconnected="0" warning="0" completed="0" inProgress="0" pending="0" />
    <CollectorDataEntries>
      <Collector agentName="SIDDHAP7" uri="datacollector://microsoft/CodeCoverage/2.0" collectorDisplayName="Code Coverage">
        <UriAttachments>
          <UriAttachment>
            <A href="SIDDHAP7\VssAdministrator_fv-az872_2019-06-13.05_30_29.coverage"></A>
          </UriAttachment>
          <UriAttachment>
            <A href="SIDDHAP7\VssAdministrator_fv-az872_2019-06-13.05_30_35.coverage"></A>
          </UriAttachment>
        </UriAttachments>
      </Collector>
    </CollectorDataEntries>
  </ResultSummary>
</TestRun>